<?xml version="1.0" encoding="UTF-8"?>
<!-- Generated by org.testng.reporters.JUnitReportReporter -->
<testsuite hostname="DESKTOP-1TP3G9S" failures="0" tests="1" name="com.tka.DemoTestNG.DemoTestng" time="0.009" errors="0" timestamp="2024-02-01T09:50:27 IST" skipped="0">
  <testcase classname="com.tka.DemoTestNG.DemoTestng" name="loginTest" time="0.009"/>
</testsuite> <!-- com.tka.DemoTestNG.DemoTestng -->
